<?xml version="1.0" encoding="UTF-8"?>
<testng-results skipped="0" failed="0" ignored="0" total="1" passed="1">
  <reporter-output>
  </reporter-output>
  <suite name="Surefire suite" duration-ms="22308" started-at="2022-05-16T17:47:59 CDT" finished-at="2022-05-16T17:48:21 CDT">
    <groups>
    </groups>
    <test name="Surefire test" duration-ms="22308" started-at="2022-05-16T17:47:59 CDT" finished-at="2022-05-16T17:48:21 CDT">
      <class name="com.hcl.ProjectManagementToolTest">
        <test-method status="PASS" signature="createProject()[pri:0, instance:com.hcl.ProjectManagementToolTest@9660f4e]" name="createProject" duration-ms="22199" started-at="2022-05-16T17:47:59 CDT" finished-at="2022-05-16T17:48:21 CDT">
          <reporter-output>
          </reporter-output>
        </test-method> <!-- createProject -->
      </class> <!-- com.hcl.ProjectManagementToolTest -->
    </test> <!-- Surefire test -->
  </suite> <!-- Surefire suite -->
</testng-results>
